AVG: 0.06
IN:  0 Mbps
OUT: 0 Mbps
Connections:1
sda1:3782548
sda14:7124

sda:0.06
sr0:0.00

RES:OK
AVG: 0.24
IN:  0 Mbps
OUT: 0 Mbps
Connections:1
sda1:3782724
sda14:7124

sda:0.03
sr0:0.00

RES:OK
AVG: 0.06
IN:  0 Mbps
OUT: 0 Mbps
Connections:
sda1:3781992
sda14:7124

sda:0.65
sr0:0.00

RES:OK
AVG: 0.07
IN:  0 Mbps
OUT: 0 Mbps
Connections:
sda1:3782228
sda14:7124

sda:0.04
sr0:0.00

RES:OK
AVG: 0.04
IN:  0 Mbps
OUT: 0 Mbps
Connections:
sda1:3782388
sda14:7124

sda:0.06
sr0:0.00

RES:OK
AVG: 0.04
IN:  0 Mbps
OUT: 0 Mbps
Connections:
sda1:3782576
sda14:7124

sda:0.08
sr0:0.00

RES:OK
AVG: 0.08
IN:  0 Mbps
OUT: 0 Mbps
Connections:1
sda1:3787128
sda14:7124

sda:0.05
sr0:0.00

RES:OK
AVG: 0.12
IN:  0 Mbps
OUT: 0 Mbps
Connections:1
sda1:3788692
sda14:7124

sda:0.02
sr0:0.00

RES:OK
AVG: 0.06
IN:  0 Mbps
OUT: 0 Mbps
Connections:1
sda1:3788804
sda14:7124

sda:0.04
sr0:0.00

RES:OK
AVG: 0.06
IN:  0 Mbps
OUT: 0 Mbps
Connections:1
sda1:3788924
sda14:7124

sda:0.02
sr0:0.00

RES:OK
AVG: 0.05
IN:  0 Mbps
OUT: 0 Mbps
Connections:1
sda1:3789044
sda14:7124

sda:0.02
sr0:0.00

RES:OK
AVG: 0.07
IN:  0 Mbps
OUT: 0 Mbps
Connections:2
sda1:3789168
sda14:7124

sda:0.04
sr0:0.00

RES:OK
AVG: 0.07
IN:  0 Mbps
OUT: 0 Mbps
Connections:1
sda1:3789284
sda14:7124

sda:0.02
sr0:0.00

RES:OK
AVG: 0.06
IN:  0 Mbps
OUT: 0 Mbps
Connections:1
sda1:3789412
sda14:7124

sda:0.03
sr0:0.00

RES:OK
AVG: 0.05
IN:  0 Mbps
OUT: 0 Mbps
Connections:1
sda1:3789528
sda14:7124

sda:0.08
sr0:0.00

RES:OK
AVG: 0.13
IN:  0 Mbps
OUT: 0 Mbps
Connections:1
sda1:3823116
sda14:7124

sda:0.02
sr0:0.00

RES:OK
AVG: 0.11
IN:  0 Mbps
OUT: 0 Mbps
Connections:1
sda1:3823224
sda14:7124

sda:0.03
sr0:0.00

RES:OK
AVG: 0.08
IN:  0 Mbps
OUT: 0 Mbps
Connections:1
sda1:3823352
sda14:7124

sda:0.05
sr0:0.00

RES:OK
AVG: 0.06
IN:  0 Mbps
OUT: 0 Mbps
Connections:1
sda1:3823468
sda14:7124

sda:0.03
sr0:0.00

RES:OK
AVG: 0.05
IN:  0 Mbps
OUT: 0 Mbps
Connections:1
sda1:3823580
sda14:7124

sda:0.03
sr0:0.00

RES:OK
AVG: 0.09
IN:  0 Mbps
OUT: 0 Mbps
Connections:1
sda1:3823704
sda14:7124

sda:0.06
sr0:0.00

RES:OK
AVG: 0.08
IN:  0 Mbps
OUT: 0 Mbps
Connections:1
sda1:3823824
sda14:7124

sda:0.03
sr0:0.00

RES:OK
AVG: 0.09
IN:  0 Mbps
OUT: 0 Mbps
Connections:1
sda1:3823948
sda14:7124

sda:0.03
sr0:0.00

RES:OK
AVG: 0.08
IN:  0 Mbps
OUT: 0 Mbps
Connections:1
sda1:3824068
sda14:7124

sda:0.05
sr0:0.00

RES:OK
AVG: 0.06
IN:  0 Mbps
OUT: 0 Mbps
Connections:1
sda1:3824192
sda14:7124

sda:0.03
sr0:0.00

RES:OK
AVG: 0.06
IN:  0 Mbps
OUT: 0 Mbps
Connections:1
sda1:3824312
sda14:7124

sda:0.03
sr0:0.00

RES:OK
AVG: 0.12
IN:  0 Mbps
OUT: 0 Mbps
Connections:1
sda1:3824448
sda14:7124

sda:0.05
sr0:0.00

RES:OK
AVG: 0.15
IN:  0 Mbps
OUT: 0 Mbps
Connections:1
sda1:3824564
sda14:7124

sda:0.02
sr0:0.00

RES:OK
AVG: 0.21
IN:  0 Mbps
OUT: 0 Mbps
Connections:1
sda1:3824672
sda14:7124

sda:0.03
sr0:0.00

RES:OK
AVG: 0.35
IN:  0 Mbps
OUT: 0 Mbps
Connections:1
sda1:3824804
sda14:7124

sda:0.06
sr0:0.00

RES:OK
AVG: 0.24
IN:  0 Mbps
OUT: 0 Mbps
Connections:1
sda1:3824912
sda14:7124

sda:0.01
sr0:0.00

RES:OK
AVG: 0.16
IN:  0 Mbps
OUT: 0 Mbps
Connections:1
sda1:3825032
sda14:7124

sda:0.02
sr0:0.00

RES:OK
AVG: 0.38
IN:  0 Mbps
OUT: 0 Mbps
Connections:1
sda1:3825156
sda14:7124

sda:0.04
sr0:0.00

RES:OK
AVG: 0.33
IN:  0 Mbps
OUT: 0 Mbps
Connections:1
sda1:3825264
sda14:7124

sda:0.04
sr0:0.00

RES:OK
AVG: 0.26
IN:  0 Mbps
OUT: 0 Mbps
Connections:1
sda1:3825404
sda14:7124

sda:0.06
sr0:0.00

RES:OK
AVG: 0.45
IN:  0 Mbps
OUT: 0 Mbps
Connections:2
sda1:3825524
sda14:7124

sda:0.15
sr0:0.00

RES:OK
AVG: 0.31
IN:  0 Mbps
OUT: 0 Mbps
Connections:1
sda1:3786476
sda14:7124

sda:0.08
sr0:0.00

RES:OK
AVG: 0.28
IN:  0 Mbps
OUT: 0 Mbps
Connections:2
sda1:3786620
sda14:7124

sda:0.06
sr0:0.00

RES:OK
AVG: 0.38
IN:  0 Mbps
OUT: 0 Mbps
Connections:1
sda1:3786776
sda14:7124

sda:0.10
sr0:0.00

RES:OK
AVG: 0.44
IN:  0 Mbps
OUT: 0 Mbps
Connections:1
sda1:3787128
sda14:7124

sda:0.12
sr0:0.00

RES:OK
AVG: 0.26
IN:  0 Mbps
OUT: 0 Mbps
Connections:1
sda1:3787624
sda14:7124

sda:0.05
sr0:0.00

RES:OK
AVG: 0.28
IN:  0 Mbps
OUT: 0 Mbps
Connections:2
sda1:3788992
sda14:7124

sda:0.09
sr0:0.00

RES:OK
AVG: 0.29
IN:  0 Mbps
OUT: 0 Mbps
Connections:1
sda1:3807152
sda14:7124

sda:0.05
sr0:0.00

RES:OK
AVG: 0.21
IN:  0 Mbps
OUT: 0 Mbps
Connections:2
sda1:3811528
sda14:7124

sda:0.02
sr0:0.00

RES:OK
AVG: 0.25
IN:  0 Mbps
OUT: 0 Mbps
Connections:2
sda1:3811720
sda14:7124

sda:0.09
sr0:0.00

RES:OK
AVG: 0.05
IN:  0 Mbps
OUT: 0 Mbps
Connections:1
sda1:3813576
sda14:7124

sda:0.08
sr0:0.00

RES:OK
AVG: 0.13
IN:  0 Mbps
OUT: 0 Mbps
Connections:1
sda1:3813836
sda14:7124

sda:0.02
sr0:0.00

RES:OK
AVG: 0.14
IN:  0 Mbps
OUT: 0 Mbps
Connections:1
sda1:3814000
sda14:7124

sda:0.08
sr0:0.00

RES:OK
AVG: 0.23
IN:  0 Mbps
OUT: 0 Mbps
Connections:1
sda1:3814132
sda14:7124

sda:0.14
sr0:0.00

RES:OK
AVG: 0.20
IN:  0 Mbps
OUT: 0 Mbps
Connections:1
sda1:3814256
sda14:7124

sda:0.03
sr0:0.00

RES:OK
AVG: 0.20
IN:  0 Mbps
OUT: 0 Mbps
Connections:1
sda1:3814376
sda14:7124

sda:0.06
sr0:0.00

RES:OK
AVG: 0.17
IN:  0 Mbps
OUT: 0 Mbps
Connections:1
sda1:3814496
sda14:7124

sda:0.03
sr0:0.00

RES:OK
AVG: 0.23
IN:  0 Mbps
OUT: 0 Mbps
Connections:1
sda1:3814616
sda14:7124

sda:0.02
sr0:0.00

RES:OK
AVG: 0.15
IN:  0 Mbps
OUT: 0 Mbps
Connections:1
sda1:3814744
sda14:7124

sda:0.10
sr0:0.00

RES:OK
AVG: 0.15
IN:  0 Mbps
OUT: 0 Mbps
Connections:1
sda1:3814860
sda14:7124

sda:0.02
sr0:0.00

RES:OK
AVG: 0.12
IN:  0 Mbps
OUT: 0 Mbps
Connections:1
sda1:3814976
sda14:7124

sda:0.02
sr0:0.00

RES:OK
AVG: 0.21
IN:  0 Mbps
OUT: 0 Mbps
Connections:1
sda1:3815104
sda14:7124

sda:0.05
sr0:0.00

RES:OK
AVG: 0.18
IN:  0 Mbps
OUT: 0 Mbps
Connections:1
sda1:3815236
sda14:7124

sda:0.04
sr0:0.00

RES:OK
AVG: 0.16
IN:  0 Mbps
OUT: 0 Mbps
Connections:1
sda1:3815352
sda14:7124

sda:0.02
sr0:0.00

RES:OK
AVG: 0.18
IN:  0 Mbps
OUT: 0 Mbps
Connections:1
sda1:3815476
sda14:7124

sda:0.05
sr0:0.00

RES:OK
AVG: 0.18
IN:  0 Mbps
OUT: 0 Mbps
Connections:1
sda1:3815588
sda14:7124

sda:0.06
sr0:0.00

RES:OK
AVG: 0.12
IN:  0 Mbps
OUT: 0 Mbps
Connections:4
sda1:3815708
sda14:7124

sda:0.02
sr0:0.00

RES:OK
AVG: 0.16
IN:  0 Mbps
OUT: 0 Mbps
Connections:1
sda1:3815824
sda14:7124

sda:0.04
sr0:0.00

RES:OK
AVG: 0.13
IN:  0 Mbps
OUT: 0 Mbps
Connections:1
sda1:3815960
sda14:7124

sda:0.03
sr0:0.00

RES:OK
AVG: 0.12
IN:  0 Mbps
OUT: 0 Mbps
Connections:1
sda1:3816068
sda14:7124

sda:0.01
sr0:0.00

RES:OK
AVG: 0.10
IN:  0 Mbps
OUT: 0 Mbps
Connections:2
sda1:3816188
sda14:7124

sda:0.05
sr0:0.00

RES:OK
AVG: 0.18
IN:  0 Mbps
OUT: 0 Mbps
Connections:1
sda1:3816296
sda14:7124

sda:0.02
sr0:0.00

RES:OK
AVG: 0.24
IN:  0 Mbps
OUT: 0 Mbps
Connections:1
sda1:3816416
sda14:7124

sda:0.03
sr0:0.00

RES:OK
AVG: 0.31
IN:  0 Mbps
OUT: 0 Mbps
Connections:1
sda1:3816540
sda14:7124

sda:0.08
sr0:0.00

RES:OK
AVG: 0.26
IN:  0 Mbps
OUT: 0 Mbps
Connections:1
sda1:3816936
sda14:7124

sda:0.08
sr0:0.00

RES:OK
AVG: 0.24
IN:  0 Mbps
OUT: 0 Mbps
Connections:1
sda1:3817064
sda14:7124

sda:0.03
sr0:0.00

RES:OK
AVG: 0.26
IN:  0 Mbps
OUT: 0 Mbps
Connections:1
sda1:3817272
sda14:7124

sda:0.09
sr0:0.00

RES:OK
AVG: 0.26
IN:  0 Mbps
OUT: 0 Mbps
Connections:1
sda1:3817380
sda14:7124

sda:0.01
sr0:0.00

RES:OK
AVG: 0.35
IN:  0 Mbps
OUT: 0 Mbps
Connections:1
sda1:3817492
sda14:7124

sda:0.02
sr0:0.00

RES:OK
AVG: 0.29
IN:  0 Mbps
OUT: 0 Mbps
Connections:1
sda1:3817620
sda14:7124

sda:0.07
sr0:0.00

RES:OK
AVG: 0.31
IN:  0 Mbps
OUT: 0 Mbps
Connections:1
sda1:3817744
sda14:7124

sda:0.06
sr0:0.00

RES:OK
AVG: 0.31
IN:  0 Mbps
OUT: 0 Mbps
Connections:1
sda1:3817848
sda14:7124

sda:0.03
sr0:0.00

RES:OK
AVG: 0.41
IN:  0 Mbps
OUT: 0 Mbps
Connections:1
sda1:3817980
sda14:7124

sda:0.07
sr0:0.00

RES:OK
AVG: 0.34
IN:  0 Mbps
OUT: 0 Mbps
Connections:1
sda1:3818104
sda14:7124

sda:0.04
sr0:0.00

RES:OK
AVG: 0.32
IN:  0 Mbps
OUT: 0 Mbps
Connections:1
sda1:3818220
sda14:7124

sda:0.03
sr0:0.00

RES:OK
AVG: 0.45
IN:  0 Mbps
OUT: 0 Mbps
Connections:1
sda1:3818344
sda14:7124

sda:0.07
sr0:0.00

RES:OK
AVG: 0.54
IN:  0 Mbps
OUT: 0 Mbps
Connections:1
sda1:3818472
sda14:7124

sda:0.04
sr0:0.00

RES:OK
AVG: 0.41
IN:  0 Mbps
OUT: 0 Mbps
Connections:2
sda1:3818596
sda14:7124

sda:0.02
sr0:0.00

RES:OK
AVG: 0.40
IN:  0 Mbps
OUT: 0 Mbps
Connections:1
sda1:3818728
sda14:7124

sda:0.06
sr0:0.00

RES:OK
AVG: 0.27
IN:  0 Mbps
OUT: 0 Mbps
Connections:1
sda1:3818852
sda14:7124

sda:0.03
sr0:0.00

RES:OK
AVG: 0.39
IN:  0 Mbps
OUT: 0 Mbps
Connections:2
sda1:3818956
sda14:7124

sda:0.02
sr0:0.00

RES:OK
AVG: 0.32
IN:  0 Mbps
OUT: 0 Mbps
Connections:1
sda1:3819092
sda14:7124

sda:0.09
sr0:0.00

RES:OK
AVG: 0.29
IN:  0 Mbps
OUT: 0 Mbps
Connections:1
sda1:3819208
sda14:7124

sda:0.03
sr0:0.00

RES:OK
AVG: 0.20
IN:  0 Mbps
OUT: 0 Mbps
Connections:1
sda1:3819320
sda14:7124

sda:0.02
sr0:0.00

RES:OK
AVG: 0.18
IN:  0 Mbps
OUT: 0 Mbps
Connections:1
sda1:3819444
sda14:7124

sda:0.03
sr0:0.00

RES:OK
AVG: 0.19
IN:  0 Mbps
OUT: 0 Mbps
Connections:1
sda1:3819564
sda14:7124

sda:0.04
sr0:0.00

RES:OK
AVG: 0.15
IN:  0 Mbps
OUT: 0 Mbps
Connections:1
sda1:3819712
sda14:7124

sda:0.03
sr0:0.00

RES:OK
AVG: 0.15
IN:  0 Mbps
OUT: 0 Mbps
Connections:1
sda1:3819836
sda14:7124

sda:0.07
sr0:0.00

RES:OK
AVG: 0.17
IN:  0 Mbps
OUT: 0 Mbps
Connections:1
sda1:3819956
sda14:7124

sda:0.08
sr0:0.00

RES:OK
AVG: 0.17
IN:  0 Mbps
OUT: 0 Mbps
Connections:1
sda1:3820076
sda14:7124

sda:0.02
sr0:0.00

RES:OK
AVG: 0.16
IN:  0 Mbps
OUT: 0 Mbps
Connections:1
sda1:3820212
sda14:7124

sda:0.04
sr0:0.00

RES:OK
AVG: 0.18
IN:  0 Mbps
OUT: 0 Mbps
Connections:1
sda1:3820328
sda14:7124

sda:0.04
sr0:0.00

RES:OK
AVG: 0.14
IN:  0 Mbps
OUT: 0 Mbps
Connections:1
sda1:3820448
sda14:7124

sda:0.02
sr0:0.00

RES:OK
AVG: 0.26
IN:  0 Mbps
OUT: 0 Mbps
Connections:1
sda1:3820580
sda14:7124

sda:0.08
sr0:0.00

RES:OK
AVG: 0.20
IN:  0 Mbps
OUT: 0 Mbps
Connections:1
sda1:3820696
sda14:7124

sda:0.04
sr0:0.00

RES:OK
AVG: 0.15
IN:  0 Mbps
OUT: 0 Mbps
Connections:1
sda1:3820816
sda14:7124

sda:0.02
sr0:0.00

RES:OK
AVG: 0.16
IN:  0 Mbps
OUT: 0 Mbps
Connections:1
sda1:3820944
sda14:7124

sda:0.06
sr0:0.00

RES:OK
AVG: 0.13
IN:  0 Mbps
OUT: 0 Mbps
Connections:1
sda1:3821056
sda14:7124

sda:0.05
sr0:0.00

RES:OK
AVG: 0.13
IN:  0 Mbps
OUT: 0 Mbps
Connections:2
sda1:3821184
sda14:7124

sda:0.03
sr0:0.00

RES:OK
AVG: 0.17
IN:  0 Mbps
OUT: 0 Mbps
Connections:1
sda1:3821312
sda14:7124

sda:0.06
sr0:0.00

RES:OK
AVG: 0.19
IN:  0 Mbps
OUT: 0 Mbps
Connections:1
sda1:3821432
sda14:7124

sda:0.05
sr0:0.00

RES:OK
AVG: 0.16
IN:  0 Mbps
OUT: 0 Mbps
Connections:1
sda1:3821548
sda14:7124

sda:0.01
sr0:0.00

RES:OK
AVG: 0.17
IN:  0 Mbps
OUT: 0 Mbps
Connections:1
sda1:3821680
sda14:7124

sda:0.04
sr0:0.00

RES:OK
AVG: 0.17
IN:  0 Mbps
OUT: 0 Mbps
Connections:1
sda1:3821804
sda14:7124

sda:0.02
sr0:0.00

RES:OK
AVG: 0.11
IN:  0 Mbps
OUT: 0 Mbps
Connections:1
sda1:3821920
sda14:7124

sda:0.04
sr0:0.00

RES:OK
AVG: 0.15
IN:  0 Mbps
OUT: 0 Mbps
Connections:1
sda1:3822040
sda14:7124

sda:0.05
sr0:0.00

RES:OK
AVG: 0.10
IN:  0 Mbps
OUT: 0 Mbps
Connections:1
sda1:3822156
sda14:7124

sda:0.03
sr0:0.00

RES:OK
AVG: 0.13
IN:  0 Mbps
OUT: 0 Mbps
Connections:1
sda1:3822268
sda14:7124

sda:0.05
sr0:0.00

RES:OK
AVG: 0.15
IN:  0 Mbps
OUT: 0 Mbps
Connections:1
sda1:3822392
sda14:7124

sda:0.08
sr0:0.00

RES:OK
AVG: 0.10
IN:  0 Mbps
OUT: 0 Mbps
Connections:1
sda1:3822508
sda14:7124

sda:0.03
sr0:0.00

RES:OK
AVG: 0.22
IN:  0 Mbps
OUT: 0 Mbps
Connections:1
sda1:3822628
sda14:7124

sda:0.01
sr0:0.00

RES:OK
AVG: 0.22
IN:  0 Mbps
OUT: 0 Mbps
Connections:1
sda1:3822748
sda14:7124

sda:0.07
sr0:0.00

RES:OK
AVG: 0.15
IN:  0 Mbps
OUT: 0 Mbps
Connections:2
sda1:3822864
sda14:7124

sda:0.03
sr0:0.00

RES:OK
AVG: 0.13
IN:  0 Mbps
OUT: 0 Mbps
Connections:1
sda1:3822984
sda14:7124

sda:0.05
sr0:0.00

RES:OK
AVG: 0.16
IN:  0 Mbps
OUT: 0 Mbps
Connections:1
sda1:3823108
sda14:7124

sda:0.10
sr0:0.00

RES:OK
AVG: 0.15
IN:  0 Mbps
OUT: 0 Mbps
Connections:1
sda1:3823228
sda14:7124

sda:0.02
sr0:0.00

RES:OK
AVG: 0.14
IN:  0 Mbps
OUT: 0 Mbps
Connections:1
sda1:3823344
sda14:7124

sda:0.04
sr0:0.00

RES:OK
AVG: 0.17
IN:  0 Mbps
OUT: 0 Mbps
Connections:1
sda1:3823472
sda14:7124

sda:0.05
sr0:0.00

RES:OK
AVG: 0.17
IN:  0 Mbps
OUT: 0 Mbps
Connections:1
sda1:3823588
sda14:7124

sda:0.06
sr0:0.00

RES:OK
AVG: 0.17
IN:  0 Mbps
OUT: 0 Mbps
Connections:1
sda1:3823704
sda14:7124

sda:0.02
sr0:0.00

RES:OK
AVG: 0.18
IN:  0 Mbps
OUT: 0 Mbps
Connections:1
sda1:3823836
sda14:7124

sda:0.05
sr0:0.00

RES:OK
AVG: 0.18
IN:  0 Mbps
OUT: 0 Mbps
Connections:1
sda1:3823964
sda14:7124

sda:0.03
sr0:0.00

RES:OK
AVG: 0.11
IN:  0 Mbps
OUT: 0 Mbps
Connections:1
sda1:3824084
sda14:7124

sda:0.01
sr0:0.00

RES:OK
AVG: 0.18
IN:  0 Mbps
OUT: 0 Mbps
Connections:1
sda1:3824204
sda14:7124

sda:0.05
sr0:0.00

RES:OK
AVG: 0.22
IN:  0 Mbps
OUT: 0 Mbps
Connections:1
sda1:3824324
sda14:7124

sda:0.06
sr0:0.00

RES:OK
AVG: 0.17
IN:  0 Mbps
OUT: 0 Mbps
Connections:1
sda1:3824432
sda14:7124

sda:0.01
sr0:0.00

RES:OK
AVG: 0.16
IN:  0 Mbps
OUT: 0 Mbps
Connections:1
sda1:3824568
sda14:7124

sda:0.07
sr0:0.00

RES:OK
AVG: 0.21
IN:  0 Mbps
OUT: 0 Mbps
Connections:1
sda1:3824680
sda14:7124

sda:0.02
sr0:0.00

RES:OK
AVG: 0.16
IN:  0 Mbps
OUT: 0 Mbps
Connections:1
sda1:3824808
sda14:7124

sda:0.02
sr0:0.00

RES:OK
AVG: 0.12
IN:  0 Mbps
OUT: 0 Mbps
Connections:2
sda1:3824928
sda14:7124

sda:0.04
sr0:0.00

RES:OK
AVG: 0.13
IN:  0 Mbps
OUT: 0 Mbps
Connections:2
sda1:3825048
sda14:7124

sda:0.06
sr0:0.00

RES:OK
AVG: 0.14
IN:  0 Mbps
OUT: 0 Mbps
Connections:2
sda1:3825152
sda14:7124

sda:0.02
sr0:0.00

RES:OK
AVG: 0.21
IN:  0 Mbps
OUT: 0 Mbps
Connections:2
sda1:3825288
sda14:7124

sda:0.03
sr0:0.00

RES:OK
AVG: 0.24
IN:  0 Mbps
OUT: 0 Mbps
Connections:1
sda1:3825400
sda14:7124

sda:0.02
sr0:0.00

RES:OK
AVG: 0.28
IN:  0 Mbps
OUT: 0 Mbps
Connections:3
sda1:3825520
sda14:7124

sda:0.02
sr0:0.00

RES:OK
AVG: 0.18
IN:  0 Mbps
OUT: 0 Mbps
Connections:1
sda1:3825648
sda14:7124

sda:0.06
sr0:0.00

RES:OK
AVG: 0.13
IN:  0 Mbps
OUT: 0 Mbps
Connections:2
sda1:3825764
sda14:7124

sda:0.05
sr0:0.00

RES:OK
AVG: 0.14
IN:  0 Mbps
OUT: 0 Mbps
Connections:2
sda1:3825888
sda14:7124

sda:0.03
sr0:0.00

RES:OK
AVG: 0.17
IN:  0 Mbps
OUT: 0 Mbps
Connections:1
sda1:3826012
sda14:7124

sda:0.07
sr0:0.00

RES:OK
AVG: 0.12
IN:  0 Mbps
OUT: 0 Mbps
Connections:1
sda1:3826144
sda14:7124

sda:0.02
sr0:0.00

RES:OK
AVG: 0.10
IN:  0 Mbps
OUT: 0 Mbps
Connections:1
sda1:3826260
sda14:7124

sda:0.03
sr0:0.00

RES:OK
AVG: 0.14
IN:  0 Mbps
OUT: 0 Mbps
Connections:1
sda1:3826392
sda14:7124

sda:0.07
sr0:0.00

RES:OK
AVG: 0.13
IN:  0 Mbps
OUT: 0 Mbps
Connections:1
sda1:3826512
sda14:7124

sda:0.02
sr0:0.00

RES:OK
AVG: 0.19
IN:  0 Mbps
OUT: 0 Mbps
Connections:1
sda1:3826628
sda14:7124

sda:0.05
sr0:0.00

RES:OK
AVG: 0.21
IN:  0 Mbps
OUT: 0 Mbps
Connections:1
sda1:3826748
sda14:7124

sda:0.05
sr0:0.00

RES:OK
AVG: 0.22
IN:  0 Mbps
OUT: 0 Mbps
Connections:1
sda1:3826872
sda14:7124

sda:0.02
sr0:0.00

RES:OK
AVG: 0.19
IN:  0 Mbps
OUT: 0 Mbps
Connections:1
sda1:3826988
sda14:7124

sda:0.03
sr0:0.00

RES:OK
AVG: 0.34
IN:  0 Mbps
OUT: 0 Mbps
Connections:1
sda1:3827112
sda14:7124

sda:0.04
sr0:0.00

RES:OK
AVG: 0.33
IN:  0 Mbps
OUT: 0 Mbps
Connections:1
sda1:3827236
sda14:7124

sda:0.03
sr0:0.00

RES:OK
AVG: 0.23
IN:  0 Mbps
OUT: 0 Mbps
Connections:1
sda1:3827348
sda14:7124

sda:0.03
sr0:0.00

RES:OK
AVG: 0.18
IN:  0 Mbps
OUT: 0 Mbps
Connections:1
sda1:3827476
sda14:7124

sda:0.03
sr0:0.00

RES:OK
AVG: 0.24
IN:  0 Mbps
OUT: 0 Mbps
Connections:1
sda1:3827592
sda14:7124

sda:0.06
sr0:0.00

RES:OK
AVG: 0.24
IN:  0 Mbps
OUT: 0 Mbps
Connections:1
sda1:3827708
sda14:7124

sda:0.01
sr0:0.00

RES:OK
AVG: 0.24
IN:  0 Mbps
OUT: 0 Mbps
Connections:1
sda1:3827828
sda14:7124

sda:0.10
sr0:0.00

RES:OK
AVG: 0.24
IN:  0 Mbps
OUT: 0 Mbps
Connections:1
sda1:3827956
sda14:7124

sda:0.04
sr0:0.00

RES:OK
AVG: 0.37
IN:  0 Mbps
OUT: 0 Mbps
Connections:2
sda1:3828068
sda14:7124

sda:0.02
sr0:0.00

RES:OK
AVG: 0.42
IN:  0 Mbps
OUT: 0 Mbps
Connections:1
sda1:3828192
sda14:7124

sda:0.06
sr0:0.00

RES:OK
AVG: 0.30
IN:  0 Mbps
OUT: 0 Mbps
Connections:1
sda1:3828320
sda14:7124

sda:0.04
sr0:0.00

RES:OK
AVG: 0.37
IN:  0 Mbps
OUT: 0 Mbps
Connections:1
sda1:3828436
sda14:7124

sda:0.01
sr0:0.00

RES:OK
AVG: 0.61
IN:  0 Mbps
OUT: 0 Mbps
Connections:1
sda1:3828556
sda14:7124

sda:0.07
sr0:0.00

RES:OK
AVG: 0.29
IN:  0 Mbps
OUT: 0 Mbps
Connections:1
sda1:3828680
sda14:7124

sda:0.04
sr0:0.00

RES:OK
AVG: 0.41
IN:  0 Mbps
OUT: 0 Mbps
Connections:1
sda1:3828816
sda14:7124

sda:0.01
sr0:0.00

RES:OK
AVG: 0.30
IN:  0 Mbps
OUT: 0 Mbps
Connections:2
sda1:3828952
sda14:7124

sda:0.03
sr0:0.00

RES:OK
AVG: 0.20
IN:  0 Mbps
OUT: 0 Mbps
Connections:1
sda1:3829068
sda14:7124

sda:0.01
sr0:0.00

RES:OK
AVG: 0.24
IN:  0 Mbps
OUT: 0 Mbps
Connections:1
sda1:3829200
sda14:7124

sda:0.03
sr0:0.00

RES:OK
AVG: 0.18
IN:  0 Mbps
OUT: 0 Mbps
Connections:1
sda1:3829320
sda14:7124

sda:0.03
sr0:0.00

RES:OK
AVG: 0.16
IN:  0 Mbps
OUT: 0 Mbps
Connections:1
sda1:3829444
sda14:7124

sda:0.06
sr0:0.00

RES:OK
AVG: 0.13
IN:  0 Mbps
OUT: 0 Mbps
Connections:1
sda1:3829548
sda14:7124

sda:0.02
sr0:0.00

RES:OK
AVG: 0.13
IN:  0 Mbps
OUT: 0 Mbps
Connections:1
sda1:3829684
sda14:7124

sda:0.05
sr0:0.00

RES:OK
AVG: 0.15
IN:  0 Mbps
OUT: 0 Mbps
Connections:1
sda1:3829792
sda14:7124

sda:0.05
sr0:0.00

RES:OK
AVG: 0.14
IN:  0 Mbps
OUT: 0 Mbps
Connections:1
sda1:3829924
sda14:7124

sda:0.03
sr0:0.00

RES:OK
AVG: 0.21
IN:  0 Mbps
OUT: 0 Mbps
Connections:1
sda1:3830044
sda14:7124

sda:0.06
sr0:0.00

RES:OK
AVG: 0.19
IN:  0 Mbps
OUT: 0 Mbps
Connections:1
sda1:3830164
sda14:7124

sda:0.02
sr0:0.00

RES:OK
AVG: 0.20
IN:  0 Mbps
OUT: 0 Mbps
Connections:1
sda1:3830288
sda14:7124

sda:0.03
sr0:0.00

RES:OK
AVG: 0.13
IN:  0 Mbps
OUT: 0 Mbps
Connections:1
sda1:3830448
sda14:7124

sda:0.04
sr0:0.00

RES:OK
AVG: 0.21
IN:  0 Mbps
OUT: 0 Mbps
Connections:1
sda1:3830572
sda14:7124

sda:0.02
sr0:0.00

RES:OK
AVG: 0.17
IN:  0 Mbps
OUT: 0 Mbps
Connections:1
sda1:3830764
sda14:7124

sda:0.04
sr0:0.00

RES:OK
AVG: 0.14
IN:  0 Mbps
OUT: 0 Mbps
Connections:2
sda1:3830892
sda14:7124

sda:0.05
sr0:0.00

RES:OK
AVG: 0.15
IN:  0 Mbps
OUT: 0 Mbps
Connections:1
sda1:3830964
sda14:7124

sda:0.03
sr0:0.00

RES:OK
AVG: 0.16
IN:  0 Mbps
OUT: 0 Mbps
Connections:2
sda1:3831076
sda14:7124

sda:0.04
sr0:0.00

RES:OK
AVG: 0.21
IN:  0 Mbps
OUT: 0 Mbps
Connections:1
sda1:3831220
sda14:7124

sda:0.52
sr0:0.00

RES:OK
AVG: 0.19
IN:  0 Mbps
OUT: 1 Mbps
Connections:1
sda1:3831336
sda14:7124

sda:0.38
sr0:0.00

RES:OK
AVG: 0.16
IN:  0 Mbps
OUT: 0 Mbps
Connections:4
sda1:3831448
sda14:7124

sda:0.27
sr0:0.00

RES:OK
AVG: 0.16
IN:  0 Mbps
OUT: 0 Mbps
Connections:1
sda1:3831580
sda14:7124

sda:0.04
sr0:0.00

RES:OK
AVG: 0.26
IN:  0 Mbps
OUT: 0 Mbps
Connections:1
sda1:3831716
sda14:7124

sda:0.02
sr0:0.00

RES:OK
AVG: 0.17
IN:  0 Mbps
OUT: 0 Mbps
Connections:1
sda1:3750160
sda14:7124

sda:0.06
sr0:0.00

RES:OK
